/opt/bioinf/quast-5.2.1/lib/python3.6/site-packages/quast-5.2.0-py3.6.egg/EGG-INFO/scripts/quast.py --no-krona --min-identity 90.0 7-platon/ERR599127/filtered_contigs.plasmid.fasta 7-platon/ERR599128/filtered_contigs.plasmid.fasta 7-platon/ERR599131/filtered_contigs.plasmid.fasta 7-platon/ERR599132/filtered_contigs.plasmid.fasta 7-platon/ERR599149/filtered_contigs.plasmid.fasta 7-platon/ERR599152/filtered_contigs.plasmid.fasta 7-platon/ERR599154/filtered_contigs.plasmid.fasta 7-platon/ERR599159/filtered_contigs.plasmid.fasta -o /work/mcalderon/deepsea/12-quast_plasmid/ERR599127 --labels "ERR599127, ERR599128, ERR599131, ERR599132, ERR599149, ERR599152, ERR599154, ERR599159"

Version: 5.2.0, 2723558

System information:
  OS: Linux-3.10.0-1160.76.1.el7.x86_64-x86_64-with-centos-7.9.2009-Core (linux_64)
  Python version: 3.7.7
  CPUs number: 72

Started: 2024-01-09 09:04:50

Logging to /work/mcalderon/deepsea/12-quast_plasmid/ERR599127/quast.log
NOTICE: Output directory already exists and looks like a QUAST output dir. Existing results can be reused (e.g. previously generated alignments)!
NOTICE: Maximum number of threads is set to 18 (use --threads option to set it manually)

CWD: /work/mcalderon/deepsea
Main parameters: 
  MODE: meta, threads: 18, min contig length: 500, min alignment length: 65, min alignment IDY: 90.0, \
  ambiguity: one, min local misassembly length: 200, min extensive misassembly length: 1000

Contigs:
  Pre-processing...
  1  7-platon/ERR599127/filtered_contigs.plasmid.fasta ==> ERR599127
  2  7-platon/ERR599128/filtered_contigs.plasmid.fasta ==> ERR599128
  3  7-platon/ERR599131/filtered_contigs.plasmid.fasta ==> ERR599131
  4  7-platon/ERR599132/filtered_contigs.plasmid.fasta ==> ERR599132
  5  7-platon/ERR599149/filtered_contigs.plasmid.fasta ==> ERR599149
  6  7-platon/ERR599152/filtered_contigs.plasmid.fasta ==> ERR599152
  7  7-platon/ERR599154/filtered_contigs.plasmid.fasta ==> ERR599154
  8  7-platon/ERR599159/filtered_contigs.plasmid.fasta ==> ERR599159

2024-01-09 09:04:54
Running Basic statistics processor...
  Contig files: 
    1  ERR599127
    2  ERR599128
    3  ERR599131
    4  ERR599132
    5  ERR599149
    6  ERR599152
    7  ERR599154
    8  ERR599159
  Calculating N50 and L50...
    1  ERR599127, N50 = 421288, L50 = 1, auN = 313264.5, Total length = 578427, GC % = 45.76, # N's per 100 kbp =  0.00
    2  ERR599128, N50 = 5303, L50 = 8, auN = 9013.5, Total length = 157808, GC % = 56.87, # N's per 100 kbp =  0.00
    3  ERR599131, N50 = 1814, L50 = 6, auN = 8314.9, Total length = 68579, GC % = 44.00, # N's per 100 kbp =  0.00
    4  ERR599132, N50 = 29172, L50 = 8, auN = 35988.7, Total length = 763146, GC % = 52.24, # N's per 100 kbp =  0.00
    5  ERR599149, N50 = 8901, L50 = 11, auN = 16339.5, Total length = 440308, GC % = 49.55, # N's per 100 kbp =  0.00
    6  ERR599152, N50 = 421278, L50 = 1, auN = 311217.9, Total length = 583567, GC % = 45.82, # N's per 100 kbp =  0.00
    7  ERR599154, N50 = 3235, L50 = 19, auN = 3555.7, Total length = 189585, GC % = 60.19, # N's per 100 kbp =  0.00
    8  ERR599159, N50 = 39540, L50 = 7, auN = 44181.5, Total length = 861087, GC % = 55.63, # N's per 100 kbp =  0.00
  Drawing Nx plot...
    saved to /work/mcalderon/deepsea/12-quast_plasmid/ERR599127/basic_stats/Nx_plot.pdf
  Drawing cumulative plot...
    saved to /work/mcalderon/deepsea/12-quast_plasmid/ERR599127/basic_stats/cumulative_plot.pdf
  Drawing GC content plot...
    saved to /work/mcalderon/deepsea/12-quast_plasmid/ERR599127/basic_stats/GC_content_plot.pdf
  Drawing ERR599127 GC content plot...
    saved to /work/mcalderon/deepsea/12-quast_plasmid/ERR599127/basic_stats/ERR599127_GC_content_plot.pdf
  Drawing ERR599128 GC content plot...
    saved to /work/mcalderon/deepsea/12-quast_plasmid/ERR599127/basic_stats/ERR599128_GC_content_plot.pdf
  Drawing ERR599131 GC content plot...
    saved to /work/mcalderon/deepsea/12-quast_plasmid/ERR599127/basic_stats/ERR599131_GC_content_plot.pdf
  Drawing ERR599132 GC content plot...
    saved to /work/mcalderon/deepsea/12-quast_plasmid/ERR599127/basic_stats/ERR599132_GC_content_plot.pdf
  Drawing ERR599149 GC content plot...
    saved to /work/mcalderon/deepsea/12-quast_plasmid/ERR599127/basic_stats/ERR599149_GC_content_plot.pdf
  Drawing ERR599152 GC content plot...
    saved to /work/mcalderon/deepsea/12-quast_plasmid/ERR599127/basic_stats/ERR599152_GC_content_plot.pdf
  Drawing ERR599154 GC content plot...
    saved to /work/mcalderon/deepsea/12-quast_plasmid/ERR599127/basic_stats/ERR599154_GC_content_plot.pdf
  Drawing ERR599159 GC content plot...
    saved to /work/mcalderon/deepsea/12-quast_plasmid/ERR599127/basic_stats/ERR599159_GC_content_plot.pdf
  Drawing Coverage histogram (bin size: 1x)...
    saved to /work/mcalderon/deepsea/12-quast_plasmid/ERR599127/basic_stats/coverage_histogram.pdf
  Drawing ERR599127 coverage histogram (bin size: 1x)...
    saved to /work/mcalderon/deepsea/12-quast_plasmid/ERR599127/basic_stats/ERR599127_coverage_histogram.pdf
  Drawing ERR599128 coverage histogram (bin size: 1x)...
    saved to /work/mcalderon/deepsea/12-quast_plasmid/ERR599127/basic_stats/ERR599128_coverage_histogram.pdf
  Drawing ERR599131 coverage histogram (bin size: 1x)...
    saved to /work/mcalderon/deepsea/12-quast_plasmid/ERR599127/basic_stats/ERR599131_coverage_histogram.pdf
  Drawing ERR599132 coverage histogram (bin size: 1x)...
    saved to /work/mcalderon/deepsea/12-quast_plasmid/ERR599127/basic_stats/ERR599132_coverage_histogram.pdf
  Drawing ERR599149 coverage histogram (bin size: 1x)...
    saved to /work/mcalderon/deepsea/12-quast_plasmid/ERR599127/basic_stats/ERR599149_coverage_histogram.pdf
  Drawing ERR599152 coverage histogram (bin size: 1x)...
    saved to /work/mcalderon/deepsea/12-quast_plasmid/ERR599127/basic_stats/ERR599152_coverage_histogram.pdf
  Drawing ERR599154 coverage histogram (bin size: 1x)...
    saved to /work/mcalderon/deepsea/12-quast_plasmid/ERR599127/basic_stats/ERR599154_coverage_histogram.pdf
  Drawing ERR599159 coverage histogram (bin size: 1x)...
    saved to /work/mcalderon/deepsea/12-quast_plasmid/ERR599127/basic_stats/ERR599159_coverage_histogram.pdf
Done.

NOTICE: Genes are not predicted by default. Use --gene-finding or --glimmer option to enable it.

2024-01-09 09:05:12
Creating large visual summaries...
This may take a while: press Ctrl-C to skip this step..
  1 of 2: Creating PDF with all tables and plots...
  2 of 2: Creating Icarus viewers...
Done

2024-01-09 09:05:15
RESULTS:
  Text versions of total report are saved to /work/mcalderon/deepsea/12-quast_plasmid/ERR599127/report.txt, report.tsv, and report.tex
  Text versions of transposed total report are saved to /work/mcalderon/deepsea/12-quast_plasmid/ERR599127/transposed_report.txt, transposed_report.tsv, and transposed_report.tex
  HTML version (interactive tables and plots) is saved to /work/mcalderon/deepsea/12-quast_plasmid/ERR599127/report.html
  PDF version (tables and plots) is saved to /work/mcalderon/deepsea/12-quast_plasmid/ERR599127/report.pdf
  Icarus (contig browser) is saved to /work/mcalderon/deepsea/12-quast_plasmid/ERR599127/icarus.html
  Log is saved to /work/mcalderon/deepsea/12-quast_plasmid/ERR599127/quast.log

Finished: 2024-01-09 09:05:19
Elapsed time: 0:00:28.360563
NOTICEs: 3; WARNINGs: 0; non-fatal ERRORs: 0

Thank you for using QUAST!
