/opt/bioinf/quast-5.2.1/lib/python3.6/site-packages/quast-5.2.0-py3.6.egg/EGG-INFO/scripts/quast.py --no-krona --min-identity 90.0 7-platon/SRR3963457/filtered_contigs.plasmid.fasta 7-platon/SRR3963458/filtered_contigs.plasmid.fasta 7-platon/SRR3963622/filtered_contigs.plasmid.fasta 7-platon/SRR3963804/filtered_contigs.plasmid.fasta 7-platon/SRR3963982/filtered_contigs.plasmid.fasta 7-platon/SRR3965586/filtered_contigs.plasmid.fasta 7-platon/SRR3965592/filtered_contigs.plasmid.fasta 7-platon/SRR3965758/filtered_contigs.plasmid.fasta -o /work/mcalderon/deepsea/12-quast_plasmid/SRR3963457 --labels "SRR3963457, SRR3963458, SRR3963622, SRR3963804, SRR3963982, SRR3965586, SRR3965592, SRR3965758"

Version: 5.2.0, 2723558

System information:
  OS: Linux-3.10.0-1160.76.1.el7.x86_64-x86_64-with-centos-7.9.2009-Core (linux_64)
  Python version: 3.7.7
  CPUs number: 36

Started: 2023-11-17 13:28:10

Logging to /work/mcalderon/deepsea/12-quast_plasmid/SRR3963457/quast.log
NOTICE: Output directory already exists and looks like a QUAST output dir. Existing results can be reused (e.g. previously generated alignments)!
NOTICE: Maximum number of threads is set to 9 (use --threads option to set it manually)

CWD: /work/mcalderon/deepsea
Main parameters: 
  MODE: meta, threads: 9, min contig length: 500, min alignment length: 65, min alignment IDY: 90.0, \
  ambiguity: one, min local misassembly length: 200, min extensive misassembly length: 1000

Contigs:
  Pre-processing...
  1  7-platon/SRR3963457/filtered_contigs.plasmid.fasta ==> SRR3963457
  2  7-platon/SRR3963458/filtered_contigs.plasmid.fasta ==> SRR3963458
  3  7-platon/SRR3963622/filtered_contigs.plasmid.fasta ==> SRR3963622
  4  7-platon/SRR3963804/filtered_contigs.plasmid.fasta ==> SRR3963804
  5  7-platon/SRR3963982/filtered_contigs.plasmid.fasta ==> SRR3963982
  6  7-platon/SRR3965586/filtered_contigs.plasmid.fasta ==> SRR3965586
  7  7-platon/SRR3965592/filtered_contigs.plasmid.fasta ==> SRR3965592
  8  7-platon/SRR3965758/filtered_contigs.plasmid.fasta ==> SRR3965758

2023-11-17 13:28:13
Running Basic statistics processor...
  Contig files: 
    1  SRR3963457
    2  SRR3963458
    3  SRR3963622
    4  SRR3963804
    5  SRR3963982
    6  SRR3965586
    7  SRR3965592
    8  SRR3965758
  Calculating N50 and L50...
    1  SRR3963457, N50 = 6280, L50 = 25, auN = 13979.2, Total length = 699818, GC % = 55.65, # N's per 100 kbp =  0.00
    2  SRR3963458, N50 = 19012, L50 = 12, auN = 22349.3, Total length = 709273, GC % = 58.82, # N's per 100 kbp =  0.00
    3  SRR3963622, N50 = 1688, L50 = 19, auN = 2920.0, Total length = 123599, GC % = 49.58, # N's per 100 kbp =  0.00
    4  SRR3963804, N50 = 3512, L50 = 2, auN = 5093.5, Total length = 20162, GC % = 46.55, # N's per 100 kbp =  0.00
    5  SRR3963982, N50 = 8247, L50 = 29, auN = 11017.0, Total length = 849564, GC % = 54.54, # N's per 100 kbp =  0.00
    6  SRR3965586, N50 = 2684, L50 = 74, auN = 11869.3, Total length = 767488, GC % = 53.54, # N's per 100 kbp =  0.00
    7  SRR3965592, N50 = 2903, L50 = 37, auN = 6708.4, Total length = 386930, GC % = 54.71, # N's per 100 kbp =  0.00
    8  SRR3965758, N50 = 2673, L50 = 61, auN = 3190.4, Total length = 485823, GC % = 59.30, # N's per 100 kbp =  0.00
  Drawing Nx plot...
    saved to /work/mcalderon/deepsea/12-quast_plasmid/SRR3963457/basic_stats/Nx_plot.pdf
  Drawing cumulative plot...
    saved to /work/mcalderon/deepsea/12-quast_plasmid/SRR3963457/basic_stats/cumulative_plot.pdf
  Drawing GC content plot...
    saved to /work/mcalderon/deepsea/12-quast_plasmid/SRR3963457/basic_stats/GC_content_plot.pdf
  Drawing SRR3963457 GC content plot...
    saved to /work/mcalderon/deepsea/12-quast_plasmid/SRR3963457/basic_stats/SRR3963457_GC_content_plot.pdf
  Drawing SRR3963458 GC content plot...
    saved to /work/mcalderon/deepsea/12-quast_plasmid/SRR3963457/basic_stats/SRR3963458_GC_content_plot.pdf
  Drawing SRR3963622 GC content plot...
    saved to /work/mcalderon/deepsea/12-quast_plasmid/SRR3963457/basic_stats/SRR3963622_GC_content_plot.pdf
  Drawing SRR3963804 GC content plot...
    saved to /work/mcalderon/deepsea/12-quast_plasmid/SRR3963457/basic_stats/SRR3963804_GC_content_plot.pdf
  Drawing SRR3963982 GC content plot...
    saved to /work/mcalderon/deepsea/12-quast_plasmid/SRR3963457/basic_stats/SRR3963982_GC_content_plot.pdf
  Drawing SRR3965586 GC content plot...
    saved to /work/mcalderon/deepsea/12-quast_plasmid/SRR3963457/basic_stats/SRR3965586_GC_content_plot.pdf
  Drawing SRR3965592 GC content plot...
    saved to /work/mcalderon/deepsea/12-quast_plasmid/SRR3963457/basic_stats/SRR3965592_GC_content_plot.pdf
  Drawing SRR3965758 GC content plot...
    saved to /work/mcalderon/deepsea/12-quast_plasmid/SRR3963457/basic_stats/SRR3965758_GC_content_plot.pdf
  Drawing Coverage histogram (bin size: 1x)...
    saved to /work/mcalderon/deepsea/12-quast_plasmid/SRR3963457/basic_stats/coverage_histogram.pdf
  Drawing SRR3963457 coverage histogram (bin size: 1x)...
    saved to /work/mcalderon/deepsea/12-quast_plasmid/SRR3963457/basic_stats/SRR3963457_coverage_histogram.pdf
  Drawing SRR3963458 coverage histogram (bin size: 1x)...
    saved to /work/mcalderon/deepsea/12-quast_plasmid/SRR3963457/basic_stats/SRR3963458_coverage_histogram.pdf
  Drawing SRR3963622 coverage histogram (bin size: 1x)...
    saved to /work/mcalderon/deepsea/12-quast_plasmid/SRR3963457/basic_stats/SRR3963622_coverage_histogram.pdf
  Drawing SRR3963804 coverage histogram (bin size: 1x)...
    saved to /work/mcalderon/deepsea/12-quast_plasmid/SRR3963457/basic_stats/SRR3963804_coverage_histogram.pdf
  Drawing SRR3963982 coverage histogram (bin size: 1x)...
    saved to /work/mcalderon/deepsea/12-quast_plasmid/SRR3963457/basic_stats/SRR3963982_coverage_histogram.pdf
  Drawing SRR3965586 coverage histogram (bin size: 1x)...
    saved to /work/mcalderon/deepsea/12-quast_plasmid/SRR3963457/basic_stats/SRR3965586_coverage_histogram.pdf
  Drawing SRR3965592 coverage histogram (bin size: 1x)...
    saved to /work/mcalderon/deepsea/12-quast_plasmid/SRR3963457/basic_stats/SRR3965592_coverage_histogram.pdf
  Drawing SRR3965758 coverage histogram (bin size: 1x)...
    saved to /work/mcalderon/deepsea/12-quast_plasmid/SRR3963457/basic_stats/SRR3965758_coverage_histogram.pdf
Done.

NOTICE: Genes are not predicted by default. Use --gene-finding or --glimmer option to enable it.

2023-11-17 13:28:29
Creating large visual summaries...
This may take a while: press Ctrl-C to skip this step..
  1 of 2: Creating PDF with all tables and plots...
  2 of 2: Creating Icarus viewers...
Done

2023-11-17 13:28:33
RESULTS:
  Text versions of total report are saved to /work/mcalderon/deepsea/12-quast_plasmid/SRR3963457/report.txt, report.tsv, and report.tex
  Text versions of transposed total report are saved to /work/mcalderon/deepsea/12-quast_plasmid/SRR3963457/transposed_report.txt, transposed_report.tsv, and transposed_report.tex
  HTML version (interactive tables and plots) is saved to /work/mcalderon/deepsea/12-quast_plasmid/SRR3963457/report.html
  PDF version (tables and plots) is saved to /work/mcalderon/deepsea/12-quast_plasmid/SRR3963457/report.pdf
  Icarus (contig browser) is saved to /work/mcalderon/deepsea/12-quast_plasmid/SRR3963457/icarus.html
  Log is saved to /work/mcalderon/deepsea/12-quast_plasmid/SRR3963457/quast.log

Finished: 2023-11-17 13:28:36
Elapsed time: 0:00:26.480386
NOTICEs: 3; WARNINGs: 0; non-fatal ERRORs: 0

Thank you for using QUAST!
